<?xml version="1.0" encoding="UTF-8"?>
<!-- Generated by org.testng.reporters.JUnitXMLReporter -->
<testsuite ignored="0" hostname="Hituj" failures="1" tests="2" name=" Actual Portfolio Creation Test" time="31.026" errors="0" timestamp="2021-06-20T11:50:09 IST">
  <testcase classname="Testcases.CreatePortfolioTest" name="createPortfolioTest" time="30.853"/>
  <testcase classname="Testcases.CreatePortfolioTest" name="createPortfolioTest" time="30.861">
    <failure type="java.lang.NullPointerException" message="Cannot invoke &amp;quot;java.lang.Throwable.getMessage()&amp;quot; because the return value of &amp;quot;org.testng.ITestResult.getThrowable()&amp;quot; is null">
      <![CDATA[java.lang.NullPointerException: Cannot invoke "java.lang.Throwable.getMessage()" because the return value of "org.testng.ITestResult.getThrowable()" is null
at com.Listener.MyTestNGListener.onTestSuccess(MyTestNGListener.java:26)
at java.base/java.util.ArrayList.forEach(ArrayList.java:1511)
... Removed 24 stack frames]]>
    </failure>
  </testcase> <!-- createPortfolioTest -->
</testsuite> <!--  Actual Portfolio Creation Test -->
