<?xml version="1.0" encoding="UTF-8"?>
<!-- Generated by org.testng.reporters.JUnitXMLReporter -->
<testsuite ignored="4" hostname="Hituj" failures="2" tests="4" name=" Delete Portfolio Test" time="2.7" errors="0" timestamp="2021-07-05T22:43:47 IST">
  <testcase classname="com.Testcases.session" name="doLogin" time="0.008"/>
  <testcase classname="com.Testcases.session" name="doLogin" time="0.015">
    <failure type="java.lang.NullPointerException" message="Cannot invoke &amp;quot;java.lang.Throwable.getMessage()&amp;quot; because the return value of &amp;quot;org.testng.ITestResult.getThrowable()&amp;quot; is null">
      <![CDATA[java.lang.NullPointerException: Cannot invoke "java.lang.Throwable.getMessage()" because the return value of "org.testng.ITestResult.getThrowable()" is null
at com.Listener.MyTestNGListener.onTestSuccess(MyTestNGListener.java:26)
at java.base/java.util.ArrayList.forEach(ArrayList.java:1511)
... Removed 24 stack frames]]>
    </failure>
  </testcase> <!-- doLogin -->
  <testcase classname="com.Testcases.portfoliomngt" name="deletePortfolio" time="2.61"/>
  <testcase classname="com.Testcases.portfoliomngt" name="deletePortfolio" time="2.613">
    <failure type="java.lang.NullPointerException" message="Cannot invoke &amp;quot;java.lang.Throwable.getMessage()&amp;quot; because the return value of &amp;quot;org.testng.ITestResult.getThrowable()&amp;quot; is null">
      <![CDATA[java.lang.NullPointerException: Cannot invoke "java.lang.Throwable.getMessage()" because the return value of "org.testng.ITestResult.getThrowable()" is null
at com.Listener.MyTestNGListener.onTestSuccess(MyTestNGListener.java:26)
at java.base/java.util.ArrayList.forEach(ArrayList.java:1511)
... Removed 24 stack frames]]>
    </failure>
  </testcase> <!-- deletePortfolio -->
  <testcase classname="com.TestBase.Testbase" name="@AfterTest quit" time="0.0">
    <ignored/>
  </testcase> <!-- @AfterTest quit -->
  <testcase classname="com.Testcases.portfoliomngt" name="createPortfolio" time="0.0">
    <ignored/>
  </testcase> <!-- createPortfolio -->
  <testcase classname="com.TestBase.Testbase" name="@BeforeTest beforeTest" time="0.0">
    <ignored/>
  </testcase> <!-- @BeforeTest beforeTest -->
  <testcase classname="com.Testcases.session" name="doLogout" time="0.0">
    <ignored/>
  </testcase> <!-- doLogout -->
</testsuite> <!--  Delete Portfolio Test -->
