<?xml version="1.0" encoding="UTF-8"?>
<testng-results ignored="8" total="13" passed="5" failed="0" skipped="0">
  <reporter-output>
  </reporter-output>
  <suite started-at="2021-06-20T10:24:16 IST" name="Portfolio Suite" finished-at="2021-06-20T10:24:54 IST" duration-ms="37991">
    <groups>
    </groups>
    <test started-at="2021-06-20T10:24:16 IST" name=" Create Portfolio Test" finished-at="2021-06-20T10:24:23 IST" duration-ms="6695">
      <class name="com.Testcases.portfoliomngt">
        <test-method is-config="true" signature="beforeMethod(org.testng.ITestContext)[pri:0, instance:com.Testcases.portfoliomngt@3d6f0054]" started-at="2021-06-20T10:24:17 IST" name="beforeMethod" finished-at="2021-06-20T10:24:17 IST" duration-ms="1" status="PASS">
          <params>
            <param index="0">
              <value>
                <![CDATA[org.testng.TestRunner@71f0b72e]]>
              </value>
            </param>
          </params>
          <reporter-output>
          </reporter-output>
        </test-method> <!-- beforeMethod -->
        <test-method signature="createPortfolio()[pri:0, instance:com.Testcases.portfoliomngt@3d6f0054]" started-at="2021-06-20T10:24:17 IST" name="createPortfolio" finished-at="2021-06-20T10:24:21 IST" duration-ms="4525" status="PASS">
          <reporter-output>
          </reporter-output>
        </test-method> <!-- createPortfolio -->
      </class> <!-- com.Testcases.portfoliomngt -->
      <class name="com.Testcases.session">
        <test-method is-config="true" signature="beforeTest(org.testng.ITestContext)[pri:0, instance:com.Testcases.session@76c3e77a]" started-at="2021-06-20T10:24:16 IST" name="beforeTest" finished-at="2021-06-20T10:24:17 IST" duration-ms="675" status="PASS">
          <params>
            <param index="0">
              <value>
                <![CDATA[org.testng.TestRunner@71f0b72e]]>
              </value>
            </param>
          </params>
          <reporter-output>
          </reporter-output>
        </test-method> <!-- beforeTest -->
        <test-method is-config="true" signature="beforeMethod(org.testng.ITestContext)[pri:0, instance:com.Testcases.session@76c3e77a]" started-at="2021-06-20T10:24:17 IST" name="beforeMethod" finished-at="2021-06-20T10:24:17 IST" duration-ms="1" status="PASS">
          <params>
            <param index="0">
              <value>
                <![CDATA[org.testng.TestRunner@71f0b72e]]>
              </value>
            </param>
          </params>
          <reporter-output>
          </reporter-output>
        </test-method> <!-- beforeMethod -->
        <test-method signature="doLogin()[pri:0, instance:com.Testcases.session@76c3e77a]" started-at="2021-06-20T10:24:17 IST" name="doLogin" finished-at="2021-06-20T10:24:17 IST" duration-ms="21" status="PASS">
          <reporter-output>
          </reporter-output>
        </test-method> <!-- doLogin -->
        <test-method is-config="true" signature="quit()[pri:0, instance:com.Testcases.session@76c3e77a]" started-at="2021-06-20T10:24:21 IST" name="quit" finished-at="2021-06-20T10:24:23 IST" duration-ms="1354" status="PASS">
          <reporter-output>
          </reporter-output>
        </test-method> <!-- quit -->
      </class> <!-- com.Testcases.session -->
    </test> <!--  Create Portfolio Test -->
    <test started-at="2021-06-20T10:24:23 IST" name=" Delete Portfolio Test" finished-at="2021-06-20T10:24:26 IST" duration-ms="2783">
      <class name="com.Testcases.portfoliomngt">
        <test-method is-config="true" signature="beforeMethod(org.testng.ITestContext)[pri:0, instance:com.Testcases.portfoliomngt@5a56cdac]" started-at="2021-06-20T10:24:23 IST" name="beforeMethod" finished-at="2021-06-20T10:24:23 IST" duration-ms="2" status="PASS">
          <params>
            <param index="0">
              <value>
                <![CDATA[org.testng.TestRunner@3ed03652]]>
              </value>
            </param>
          </params>
          <reporter-output>
          </reporter-output>
        </test-method> <!-- beforeMethod -->
        <test-method signature="deletePortfolio()[pri:0, instance:com.Testcases.portfoliomngt@5a56cdac]" started-at="2021-06-20T10:24:23 IST" name="deletePortfolio" finished-at="2021-06-20T10:24:26 IST" duration-ms="2693" status="PASS">
          <reporter-output>
          </reporter-output>
        </test-method> <!-- deletePortfolio -->
      </class> <!-- com.Testcases.portfoliomngt -->
      <class name="com.Testcases.session">
        <test-method is-config="true" signature="beforeTest(org.testng.ITestContext)[pri:0, instance:com.Testcases.session@1de76cc7]" started-at="2021-06-20T10:24:23 IST" name="beforeTest" finished-at="2021-06-20T10:24:23 IST" duration-ms="2" status="PASS">
          <params>
            <param index="0">
              <value>
                <![CDATA[org.testng.TestRunner@3ed03652]]>
              </value>
            </param>
          </params>
          <reporter-output>
          </reporter-output>
        </test-method> <!-- beforeTest -->
        <test-method is-config="true" signature="beforeMethod(org.testng.ITestContext)[pri:0, instance:com.Testcases.session@1de76cc7]" started-at="2021-06-20T10:24:23 IST" name="beforeMethod" finished-at="2021-06-20T10:24:23 IST" duration-ms="3" status="PASS">
          <params>
            <param index="0">
              <value>
                <![CDATA[org.testng.TestRunner@3ed03652]]>
              </value>
            </param>
          </params>
          <reporter-output>
          </reporter-output>
        </test-method> <!-- beforeMethod -->
        <test-method signature="doLogin()[pri:0, instance:com.Testcases.session@1de76cc7]" started-at="2021-06-20T10:24:23 IST" name="doLogin" finished-at="2021-06-20T10:24:23 IST" duration-ms="8" status="PASS">
          <reporter-output>
          </reporter-output>
        </test-method> <!-- doLogin -->
        <test-method is-config="true" signature="quit()[pri:0, instance:com.Testcases.session@1de76cc7]" started-at="2021-06-20T10:24:26 IST" name="quit" finished-at="2021-06-20T10:24:26 IST" duration-ms="39" status="PASS">
          <reporter-output>
          </reporter-output>
        </test-method> <!-- quit -->
      </class> <!-- com.Testcases.session -->
    </test> <!--  Delete Portfolio Test -->
    <test started-at="2021-06-20T10:24:26 IST" name=" Actual Portfolio Creation Test" finished-at="2021-06-20T10:24:54 IST" duration-ms="28444">
      <class name="Testcases.CreatePortfolioTest">
        <test-method is-config="true" signature="beforeTest(org.testng.ITestContext)[pri:0, instance:Testcases.CreatePortfolioTest@2805d709]" started-at="2021-06-20T10:24:26 IST" name="beforeTest" finished-at="2021-06-20T10:24:26 IST" duration-ms="6" status="PASS">
          <params>
            <param index="0">
              <value>
                <![CDATA[org.testng.TestRunner@4aedaf61]]>
              </value>
            </param>
          </params>
          <reporter-output>
          </reporter-output>
        </test-method> <!-- beforeTest -->
        <test-method is-config="true" signature="beforeMethod(org.testng.ITestContext)[pri:0, instance:Testcases.CreatePortfolioTest@2805d709]" started-at="2021-06-20T10:24:26 IST" name="beforeMethod" finished-at="2021-06-20T10:24:26 IST" duration-ms="2" status="PASS">
          <params>
            <param index="0">
              <value>
                <![CDATA[org.testng.TestRunner@4aedaf61]]>
              </value>
            </param>
          </params>
          <reporter-output>
          </reporter-output>
        </test-method> <!-- beforeMethod -->
        <test-method signature="createPortfolioTest()[pri:0, instance:Testcases.CreatePortfolioTest@2805d709]" started-at="2021-06-20T10:24:26 IST" name="createPortfolioTest" finished-at="2021-06-20T10:24:54 IST" duration-ms="28195" status="PASS">
          <reporter-output>
          </reporter-output>
        </test-method> <!-- createPortfolioTest -->
        <test-method is-config="true" signature="quit()[pri:0, instance:Testcases.CreatePortfolioTest@2805d709]" started-at="2021-06-20T10:24:54 IST" name="quit" finished-at="2021-06-20T10:24:54 IST" duration-ms="228" status="PASS">
          <reporter-output>
          </reporter-output>
        </test-method> <!-- quit -->
      </class> <!-- Testcases.CreatePortfolioTest -->
    </test> <!--  Actual Portfolio Creation Test -->
  </suite> <!-- Portfolio Suite -->
</testng-results>
